  openslide-common-cmdline.c
C:\Users\km0920\Source\Repos\openslide\common\openslide-common-cmdline.c(26,10): fatal error C1083: Cannot open include file: 'glib.h': No such file or directory
  openslide-common-fail.c
C:\Users\km0920\Source\Repos\openslide\common\openslide-common.h(26,10): fatal error C1083: Cannot open include file: 'glib.h': No such file or directory
  openslide-common-fd.c
C:\Users\km0920\Source\Repos\openslide\common\openslide-common-fd.c(22,10): fatal error C1083: Cannot open include file: 'config.h': No such file or directory
  aperio-bad-jp2k-tiles.c
C:\Users\km0920\Source\Repos\openslide\misc\aperio-bad-jp2k-tiles.c(30,10): fatal error C1083: Cannot open include file: 'tiffio.h': No such file or directory
  read-benchmark.c
C:\Users\km0920\Source\Repos\openslide\misc\read-benchmark.c(11,10): fatal error C1083: Cannot open include file: 'openslide.h': No such file or directory
  read-region.c
C:\Users\km0920\Source\Repos\openslide\misc\read-region.c(9,10): fatal error C1083: Cannot open include file: 'openslide.h': No such file or directory
  make-tables.c
  openslide-cache.c
C:\Users\km0920\Source\Repos\openslide\src\openslide-cache.c(23,10): fatal error C1083: Cannot open include file: 'config.h': No such file or directory
  openslide-decode-gdkpixbuf.c
C:\Users\km0920\Source\Repos\openslide\src\openslide-decode-gdkpixbuf.c(23,10): fatal error C1083: Cannot open include file: 'config.h': No such file or directory
  openslide-decode-jp2k.c
C:\Users\km0920\Source\Repos\openslide\src\openslide-decode-jp2k.c(25,10): fatal error C1083: Cannot open include file: 'config.h': No such file or directory
  openslide-decode-jpeg.c
C:\Users\km0920\Source\Repos\openslide\src\openslide-decode-jpeg.c(24,10): fatal error C1083: Cannot open include file: 'config.h': No such file or directory
  openslide-decode-png.c
C:\Users\km0920\Source\Repos\openslide\src\openslide-decode-png.c(23,10): fatal error C1083: Cannot open include file: 'config.h': No such file or directory
  openslide-decode-sqlite.c
C:\Users\km0920\Source\Repos\openslide\src\openslide-decode-sqlite.c(22,10): fatal error C1083: Cannot open include file: 'config.h': No such file or directory
  openslide-decode-tiff.c
C:\Users\km0920\Source\Repos\openslide\src\openslide-decode-tiff.c(23,10): fatal error C1083: Cannot open include file: 'config.h': No such file or directory
  openslide-decode-tifflike.c
C:\Users\km0920\Source\Repos\openslide\src\openslide-decode-tifflike.c(22,10): fatal error C1083: Cannot open include file: 'config.h': No such file or directory
  openslide-decode-xml.c
C:\Users\km0920\Source\Repos\openslide\src\openslide-decode-xml.c(23,10): fatal error C1083: Cannot open include file: 'config.h': No such file or directory
  openslide-error.c
C:\Users\km0920\Source\Repos\openslide\src\openslide-error.c(22,10): fatal error C1083: Cannot open include file: 'config.h': No such file or directory
  openslide-grid.c
C:\Users\km0920\Source\Repos\openslide\src\openslide-grid.c(25,10): fatal error C1083: Cannot open include file: 'glib.h': No such file or directory
  openslide-hash.c
C:\Users\km0920\Source\Repos\openslide\src\openslide-hash.c(22,10): fatal error C1083: Cannot open include file: 'config.h': No such file or directory
  openslide-jdatasrc.c
C:\Users\km0920\Source\Repos\openslide\src\openslide-jdatasrc.c(21,10): fatal error C1083: Cannot open include file: 'config.h': No such file or directory
  Generating Code...
  Compiling...
  openslide-tables.c
C:\Users\km0920\Source\Repos\openslide\src\openslide-private.h(25,10): fatal error C1083: Cannot open include file: 'config.h': No such file or directory
  openslide-util.c
C:\Users\km0920\Source\Repos\openslide\src\openslide-util.c(23,10): fatal error C1083: Cannot open include file: 'config.h': No such file or directory
  openslide-vendor-aperio.c
C:\Users\km0920\Source\Repos\openslide\src\openslide-vendor-aperio.c(31,10): fatal error C1083: Cannot open include file: 'config.h': No such file or directory
  openslide-vendor-generic-tiff.c
C:\Users\km0920\Source\Repos\openslide\src\openslide-vendor-generic-tiff.c(30,10): fatal error C1083: Cannot open include file: 'config.h': No such file or directory
  openslide-vendor-hamamatsu.c
C:\Users\km0920\Source\Repos\openslide\src\openslide-vendor-hamamatsu.c(40,10): fatal error C1083: Cannot open include file: 'config.h': No such file or directory
  openslide-vendor-leica.c
C:\Users\km0920\Source\Repos\openslide\src\openslide-vendor-leica.c(30,10): fatal error C1083: Cannot open include file: 'config.h': No such file or directory
  openslide-vendor-mirax.c
C:\Users\km0920\Source\Repos\openslide\src\openslide-vendor-mirax.c(31,10): fatal error C1083: Cannot open include file: 'config.h': No such file or directory
  openslide-vendor-philips.c
C:\Users\km0920\Source\Repos\openslide\src\openslide-vendor-philips.c(30,10): fatal error C1083: Cannot open include file: 'config.h': No such file or directory
  openslide-vendor-sakura.c
C:\Users\km0920\Source\Repos\openslide\src\openslide-vendor-sakura.c(31,10): fatal error C1083: Cannot open include file: 'config.h': No such file or directory
  openslide-vendor-thinprep-2_0.c
C:\Users\km0920\Source\Repos\openslide\src\openslide-vendor-thinprep-2_0.c(29,10): fatal error C1083: Cannot open include file: 'config.h': No such file or directory
  openslide-vendor-trestle.c
C:\Users\km0920\Source\Repos\openslide\src\openslide-vendor-trestle.c(30,10): fatal error C1083: Cannot open include file: 'config.h': No such file or directory
  openslide-vendor-ventana.c
C:\Users\km0920\Source\Repos\openslide\src\openslide-vendor-ventana.c(30,10): fatal error C1083: Cannot open include file: 'config.h': No such file or directory
  openslide.c
C:\Users\km0920\Source\Repos\openslide\src\openslide.c(23,10): fatal error C1083: Cannot open include file: 'config.h': No such file or directory
  lt-extended.c
  lt-mosaic.c
  lt-parallel.c
  lt-profile.c
  lt-query.c
  lt-test.c
  lt-try_open.c
  Generating Code...
  Compiling...
  extended.c
C:\Users\km0920\Source\Repos\openslide\test\extended.c(29,10): fatal error C1083: Cannot open include file: 'unistd.h': No such file or directory
  mosaic.c
C:\Users\km0920\Source\Repos\openslide\test\mosaic.c(25,10): fatal error C1083: Cannot open include file: 'glib.h': No such file or directory
  parallel.c
C:\Users\km0920\Source\Repos\openslide\test\parallel.c(28,10): fatal error C1083: Cannot open include file: 'glib.h': No such file or directory
  profile.c
C:\Users\km0920\Source\Repos\openslide\test\profile.c(25,10): fatal error C1083: Cannot open include file: 'glib.h': No such file or directory
  query.c
C:\Users\km0920\Source\Repos\openslide\test\query.c(23,10): fatal error C1083: Cannot open include file: 'glib.h': No such file or directory
  symlink.c
C:\Users\km0920\Source\Repos\openslide\test\symlink.c(38,30): warning C4133: 'function': incompatible types - from 'const wchar_t *' to 'LPCSTR'
C:\Users\km0920\Source\Repos\openslide\test\symlink.c(38,35): warning C4133: 'function': incompatible types - from 'const wchar_t *' to 'LPCSTR'
  test.c
C:\Users\km0920\Source\Repos\openslide\test\test.c(24,10): fatal error C1083: Cannot open include file: 'config.h': No such file or directory
  try_open.c
C:\Users\km0920\Source\Repos\openslide\test\try_open.c(27,10): fatal error C1083: Cannot open include file: 'unistd.h': No such file or directory
  lt-openslide-quickhash1sum.c
  lt-openslide-show-properties.c
  lt-openslide-write-png.c
  openslide-quickhash1sum.c
C:\Users\km0920\Source\Repos\openslide\tools\openslide-quickhash1sum.c(23,10): fatal error C1083: Cannot open include file: 'glib.h': No such file or directory
  openslide-show-properties.c
C:\Users\km0920\Source\Repos\openslide\tools\openslide-show-properties.c(23,10): fatal error C1083: Cannot open include file: 'glib.h': No such file or directory
  openslide-write-png.c
C:\Users\km0920\Source\Repos\openslide\tools\openslide-write-png.c(22,10): fatal error C1083: Cannot open include file: 'openslide.h': No such file or directory
  Generating Code...
